<?xml version="1.0" encoding="UTF-8"?>
<!-- Generated by org.testng.reporters.JUnitReportReporter -->
<testsuite skipped="0" hostname="Lenovo-PC" name="basics.Arithmatic" tests="1" failures="0" timestamp="08 Oct 2019 18:49:40 GMT" time="20.160" errors="0">
  <testcase name="verifyLengthandLongestWord" time="20.160" classname="basics.Arithmatic"/>
</testsuite> <!-- basics.Arithmatic -->
