<?xml version="1.0" encoding="UTF-8"?>
<!-- Generated by org.testng.reporters.JUnitReportReporter -->
<testsuite skipped="0" hostname="Lenovo-PC" name="basics.NewTest" tests="1" failures="0" timestamp="08 Oct 2019 18:11:59 GMT" time="12.378" errors="0">
  <testcase name="verifyLengthandLongestWord" time="12.378" classname="basics.NewTest"/>
</testsuite> <!-- basics.NewTest -->
